e:\练习\pol2tri\pol2tri\release\triangulation.pch
e:\练习\pol2tri\pol2tri\release\vc120.pdb
e:\练习\pol2tri\pol2tri\release\stdafx.obj
e:\练习\pol2tri\pol2tri\release\sweep_line.obj
e:\练习\pol2tri\pol2tri\release\sweep.obj
e:\练习\pol2tri\pol2tri\release\shapes.obj
e:\练习\pol2tri\pol2tri\release\pol2tri.obj
e:\练习\pol2tri\pol2tri\release\cdt.obj
e:\练习\pol2tri\pol2tri\release\advancingfront.obj
e:\练习\pol2tri\pol2tri\release\dllmain.obj
e:\练习\pol2tri\release\triangulation.dll
e:\练习\pol2tri\release\triangulation.pdb
e:\练习\pol2tri\release\triangulation.lib
e:\练习\pol2tri\release\triangulation.exp
e:\练习\pol2tri\pol2tri\release\triangulation.tlog\cl.command.1.tlog
e:\练习\pol2tri\pol2tri\release\triangulation.tlog\cl.read.1.tlog
e:\练习\pol2tri\pol2tri\release\triangulation.tlog\cl.write.1.tlog
e:\练习\pol2tri\pol2tri\release\triangulation.tlog\link.command.1.tlog
e:\练习\pol2tri\pol2tri\release\triangulation.tlog\link.read.1.tlog
e:\练习\pol2tri\pol2tri\release\triangulation.tlog\link.write.1.tlog
e:\练习\pol2tri\pol2tri\release\triangulation.tlog\triangulation.write.1u.tlog
