e:\练习\polygonoverlay\polygonoverlay\debug\vc120.pdb
e:\练习\polygonoverlay\polygonoverlay\debug\vc120.idb
e:\练习\polygonoverlay\polygonoverlay\debug\polygonoverlay.obj
e:\练习\polygonoverlay\debug\polygonoverlay.pdb
e:\练习\polygonoverlay\polygonoverlay\debug\polygonoverlay.tlog\cl.command.1.tlog
e:\练习\polygonoverlay\polygonoverlay\debug\polygonoverlay.tlog\cl.read.1.tlog
e:\练习\polygonoverlay\polygonoverlay\debug\polygonoverlay.tlog\cl.write.1.tlog
e:\练习\polygonoverlay\polygonoverlay\debug\polygonoverlay.tlog\link-cvtres.read.1.tlog
e:\练习\polygonoverlay\polygonoverlay\debug\polygonoverlay.tlog\link-cvtres.write.1.tlog
e:\练习\polygonoverlay\polygonoverlay\debug\polygonoverlay.tlog\link-rc.read.1.tlog
e:\练习\polygonoverlay\polygonoverlay\debug\polygonoverlay.tlog\link-rc.write.1.tlog
e:\练习\polygonoverlay\polygonoverlay\debug\polygonoverlay.tlog\link.21220-cvtres.read.1.tlog
e:\练习\polygonoverlay\polygonoverlay\debug\polygonoverlay.tlog\link.21220-cvtres.write.1.tlog
e:\练习\polygonoverlay\polygonoverlay\debug\polygonoverlay.tlog\link.21220-rc.read.1.tlog
e:\练习\polygonoverlay\polygonoverlay\debug\polygonoverlay.tlog\link.21220-rc.write.1.tlog
e:\练习\polygonoverlay\polygonoverlay\debug\polygonoverlay.tlog\link.21220.read.1.tlog
e:\练习\polygonoverlay\polygonoverlay\debug\polygonoverlay.tlog\link.21220.write.1.tlog
e:\练习\polygonoverlay\polygonoverlay\debug\polygonoverlay.tlog\link.command.1.tlog
e:\练习\polygonoverlay\polygonoverlay\debug\polygonoverlay.tlog\link.read.1.tlog
e:\练习\polygonoverlay\polygonoverlay\debug\polygonoverlay.tlog\link.write.1.tlog
