生成启动时间为 2017/10/24 16:00:55。
     1>项目“E:\练习\DEMContour\DEMContour\DEMContour.vcxproj”在节点 2 上(Rebuild 个目标)。
     1>ClCompile:
         D:\Program Files (x86)\VC\bin\CL.exe /c /Zi /nologo /W3 /WX- /sdl /O2 /Oi /Oy- /GL /D WIN32 /D NDEBUG /D _WINDOWS /D _USRDLL /D DEMCONTOUR_EXPORTS /D _WINDLL /D _UNICODE /D UNICODE /Gm- /EHsc /MD /GS /Gy /fp:precise /Zc:wchar_t /Zc:forScope /Yc"stdafx.h" /Fp"Release\DEMContour.pch" /Fo"Release\\" /Fd"Release\vc120.pdb" /Gd /TP /analyze- /errorReport:prompt stdafx.cpp
         stdafx.cpp
         D:\Program Files (x86)\VC\bin\CL.exe /c /Zi /nologo /W3 /WX- /sdl /O2 /Oi /Oy- /GL /D WIN32 /D NDEBUG /D _WINDOWS /D _USRDLL /D DEMCONTOUR_EXPORTS /D _WINDLL /D _UNICODE /D UNICODE /Gm- /EHsc /MD /GS /Gy /fp:precise /Zc:wchar_t /Zc:forScope /Yu"stdafx.h" /Fp"Release\DEMContour.pch" /Fo"Release\\" /Fd"Release\vc120.pdb" /Gd /TP /analyze- /errorReport:prompt contour.cpp
         contour.cpp
     1>D:\GDAL\include\gdal_priv.h(664): warning C4251: “GDALColorTable::aoEntries”: class“std::vector<GDALColorEntry,std::allocator<_Ty>>”需要有 dll 接口由 class“GDALColorTable”的客户端使用
                 with
                 [
                     _Ty=GDALColorEntry
                 ]
     1>D:\GDAL\include\gdal_priv.h(1144): warning C4251: “GDALDriverManager::oMapNameToDrivers”: class“std::map<CPLString,GDALDriver *,std::less<_Kty>,std::allocator<std::pair<const _Kty,_Ty>>>”需要有 dll 接口由 class“GDALDriverManager”的客户端使用
                 with
                 [
                     _Kty=CPLString
         ,            _Ty=GDALDriver *
                 ]
     1>contour.cpp(66): warning C4305: “初始化”: 从“double”到“float”截断
     1>contour.cpp(68): warning C4101: “iY2”: 未引用的局部变量
     1>contour.cpp(70): warning C4101: “time6”: 未引用的局部变量
     1>contour.cpp(70): warning C4101: “time14”: 未引用的局部变量
     1>contour.cpp(69): warning C4101: “mod_value”: 未引用的局部变量
     1>contour.cpp(70): warning C4101: “time10”: 未引用的局部变量
     1>contour.cpp(70): warning C4101: “time9”: 未引用的局部变量
     1>contour.cpp(69): warning C4101: “rank_chunkSize”: 未引用的局部变量
     1>contour.cpp(70): warning C4101: “time7”: 未引用的局部变量
     1>contour.cpp(70): warning C4101: “time12”: 未引用的局部变量
     1>contour.cpp(70): warning C4101: “time8”: 未引用的局部变量
     1>contour.cpp(70): warning C4101: “time13”: 未引用的局部变量
     1>contour.cpp(70): warning C4101: “time11”: 未引用的局部变量
     1>contour.cpp(436): warning C4244: “=”: 从“int”转换到“float”，可能丢失数据
     1>contour.cpp(528): warning C4244: “初始化”: 从“double”转换到“int”，可能丢失数据
     1>contour.cpp(529): warning C4244: “初始化”: 从“double”转换到“int”，可能丢失数据
     1>contour.cpp(709): warning C4244: “初始化”: 从“GIntBig”转换到“int”，可能丢失数据
         D:\Program Files (x86)\VC\bin\CL.exe /c /Zi /nologo /W3 /WX- /sdl /O2 /Oi /Oy- /GL /D WIN32 /D NDEBUG /D _WINDOWS /D _USRDLL /D DEMCONTOUR_EXPORTS /D _WINDLL /D _UNICODE /D UNICODE /Gm- /EHsc /MD /GS /Gy /fp:precise /Zc:wchar_t /Zc:forScope /Fo"Release\\" /Fd"Release\vc120.pdb" /Gd /TP /analyze- /errorReport:prompt dllmain.cpp
         dllmain.cpp
       Link:
         D:\Program Files (x86)\VC\bin\link.exe /ERRORREPORT:PROMPT /OUT:"E:\练习\DEMContour\Release\DEMContour.dll" /INCREMENTAL:NO /NOLOGO gdal_i.lib OpenThreadsd.lib osgd.lib osgDBd.lib osgUtild.lib osgGAd.lib osgViewerd.lib osgTextd.lib kernel32.lib user32.lib gdi32.lib winspool.lib comdlg32.lib advapi32.lib shell32.lib ole32.lib oleaut32.lib uuid.lib odbc32.lib odbccp32.lib /MANIFEST /MANIFESTUAC:"level='asInvoker' uiAccess='false'" /manifest:embed /DEBUG /PDB:"E:\练习\DEMContour\Release\DEMContour.pdb" /SUBSYSTEM:WINDOWS /OPT:REF /OPT:ICF /LTCG /TLBID:1 /DYNAMICBASE /NXCOMPAT /IMPLIB:"E:\练习\DEMContour\Release\DEMContour.lib" /MACHINE:X86 /SAFESEH /DLL Release\contour.obj
         Release\dllmain.obj
         Release\stdafx.obj
            正在创建库 E:\练习\DEMContour\Release\DEMContour.lib 和对象 E:\练习\DEMContour\Release\DEMContour.exp
         正在生成代码
         已完成代码的生成
         DEMContour.vcxproj -> E:\练习\DEMContour\Release\DEMContour.dll
     1>已完成生成项目“E:\练习\DEMContour\DEMContour\DEMContour.vcxproj”(Rebuild 个目标)的操作。

生成成功。

已用时间 00:00:01.37
