生成启动时间为 2017/7/10 10:29:28。
     1>项目“E:\练习\PolygonOverlay\PolygonOverlay\PolygonOverlay.vcxproj”在节点 2 上(Build 个目标)。
     1>ClCompile:
         D:\Program Files (x86)\VC\bin\CL.exe /c /Zi /nologo /W3 /WX- /sdl /O2 /Oi /Oy- /GL /D WIN32 /D NDEBUG /D _CONSOLE /D _LIB /D _UNICODE /D UNICODE /Gm- /EHsc /MD /GS /Gy /fp:precise /Zc:wchar_t /Zc:forScope /Fo"Release\\" /Fd"Release\vc120.pdb" /Gd /TP /analyze- /errorReport:prompt PolygonOverlay.cpp
         PolygonOverlay.cpp
     1>PolygonOverlay.cpp(99): warning C4018: “<”: 有符号/无符号不匹配
     1>PolygonOverlay.cpp(102): warning C4018: “<”: 有符号/无符号不匹配
     1>PolygonOverlay.cpp(166): warning C4018: “<”: 有符号/无符号不匹配
     1>PolygonOverlay.cpp(213): warning C4018: “<”: 有符号/无符号不匹配
     1>PolygonOverlay.cpp(268): warning C4018: “<”: 有符号/无符号不匹配
     1>PolygonOverlay.cpp(324): warning C4018: “<”: 有符号/无符号不匹配
     1>PolygonOverlay.cpp(387): warning C4018: “<”: 有符号/无符号不匹配
     1>PolygonOverlay.cpp(444): warning C4018: “<”: 有符号/无符号不匹配
     1>PolygonOverlay.cpp(572): warning C4018: “<”: 有符号/无符号不匹配
     1>PolygonOverlay.cpp(639): warning C4018: “<”: 有符号/无符号不匹配
     1>PolygonOverlay.cpp(701): warning C4018: “<”: 有符号/无符号不匹配
     1>PolygonOverlay.cpp(771): warning C4018: “<”: 有符号/无符号不匹配
     1>PolygonOverlay.cpp(828): warning C4018: “<”: 有符号/无符号不匹配
     1>PolygonOverlay.cpp(891): warning C4018: “<”: 有符号/无符号不匹配
     1>PolygonOverlay.cpp(953): warning C4018: “<”: 有符号/无符号不匹配
     1>PolygonOverlay.cpp(1077): warning C4018: “<”: 有符号/无符号不匹配
     1>PolygonOverlay.cpp(1153): warning C4018: “<”: 有符号/无符号不匹配
       Link:
         D:\Program Files (x86)\VC\bin\link.exe /ERRORREPORT:PROMPT /OUT:"E:\练习\PolygonOverlay\Release\PolygonOverlay.exe" /INCREMENTAL:NO /NOLOGO geos_c.lib geos.lib OpenThreadsd.lib osgd.lib osgDBd.lib osgUtild.lib osgGAd.lib osgViewerd.lib osgTextd.lib kernel32.lib user32.lib gdi32.lib winspool.lib comdlg32.lib advapi32.lib shell32.lib ole32.lib oleaut32.lib uuid.lib odbc32.lib odbccp32.lib /MANIFEST /MANIFESTUAC:"level='asInvoker' uiAccess='false'" /manifest:embed /DEBUG /PDB:"E:\练习\PolygonOverlay\Release\PolygonOverlay.pdb" /SUBSYSTEM:CONSOLE /OPT:REF /OPT:ICF /LTCG /TLBID:1 /DYNAMICBASE /NXCOMPAT /IMPLIB:"E:\练习\PolygonOverlay\Release\PolygonOverlay.lib" /MACHINE:X86 /SAFESEH Release\PolygonOverlay.obj
         正在生成代码
         已完成代码的生成
         PolygonOverlay.vcxproj -> E:\练习\PolygonOverlay\Release\PolygonOverlay.exe
     1>已完成生成项目“E:\练习\PolygonOverlay\PolygonOverlay\PolygonOverlay.vcxproj”(Build 个目标)的操作。

生成成功。

已用时间 00:00:02.06
