e:\练习\pol2tri\pol2tri\debug\pol2trid.pch
e:\练习\pol2tri\pol2tri\debug\vc120.pdb
e:\练习\pol2tri\pol2tri\debug\vc120.idb
e:\练习\pol2tri\pol2tri\debug\stdafx.obj
e:\练习\pol2tri\pol2tri\debug\advancingfront.obj
e:\练习\pol2tri\pol2tri\debug\cdt.obj
e:\练习\pol2tri\pol2tri\debug\pol2tri.obj
e:\练习\pol2tri\pol2tri\debug\shapes.obj
e:\练习\pol2tri\pol2tri\debug\sweep.obj
e:\练习\pol2tri\pol2tri\debug\sweep_line.obj
e:\练习\pol2tri\pol2tri\debug\dllmain.obj
e:\练习\pol2tri\debug\pol2trid.ilk
e:\练习\pol2tri\debug\pol2trid.dll
e:\练习\pol2tri\debug\pol2trid.pdb
e:\练习\pol2tri\debug\pol2trid.lib
e:\练习\pol2tri\debug\pol2trid.exp
e:\练习\pol2tri\pol2tri\debug\pol2tri.tlog\cl.command.1.tlog
e:\练习\pol2tri\pol2tri\debug\pol2tri.tlog\cl.read.1.tlog
e:\练习\pol2tri\pol2tri\debug\pol2tri.tlog\cl.write.1.tlog
e:\练习\pol2tri\pol2tri\debug\pol2tri.tlog\link.command.1.tlog
e:\练习\pol2tri\pol2tri\debug\pol2tri.tlog\link.read.1.tlog
e:\练习\pol2tri\pol2tri\debug\pol2tri.tlog\link.write.1.tlog
e:\练习\pol2tri\pol2tri\debug\pol2tri.tlog\pol2tri.write.1u.tlog
