e:\练习\pol2tri\pol2tri\debug\trangulationd.pch
e:\练习\pol2tri\pol2tri\debug\vc120.pdb
e:\练习\pol2tri\pol2tri\debug\vc120.idb
e:\练习\pol2tri\pol2tri\debug\stdafx.obj
e:\练习\pol2tri\pol2tri\debug\advancingfront.obj
e:\练习\pol2tri\pol2tri\debug\cdt.obj
e:\练习\pol2tri\pol2tri\debug\pol2tri.obj
e:\练习\pol2tri\pol2tri\debug\shapes.obj
e:\练习\pol2tri\pol2tri\debug\sweep.obj
e:\练习\pol2tri\pol2tri\debug\sweep_line.obj
e:\练习\pol2tri\pol2tri\debug\dllmain.obj
e:\练习\pol2tri\debug\trangulationd.ilk
e:\练习\pol2tri\debug\trangulationd.dll
e:\练习\pol2tri\debug\trangulationd.pdb
e:\练习\pol2tri\debug\trangulationd.lib
e:\练习\pol2tri\debug\trangulationd.exp
e:\练习\pol2tri\pol2tri\debug\trangulation.tlog\cl.command.1.tlog
e:\练习\pol2tri\pol2tri\debug\trangulation.tlog\cl.read.1.tlog
e:\练习\pol2tri\pol2tri\debug\trangulation.tlog\cl.write.1.tlog
e:\练习\pol2tri\pol2tri\debug\trangulation.tlog\link.command.1.tlog
e:\练习\pol2tri\pol2tri\debug\trangulation.tlog\link.read.1.tlog
e:\练习\pol2tri\pol2tri\debug\trangulation.tlog\link.write.1.tlog
e:\练习\pol2tri\pol2tri\debug\trangulation.tlog\trangulation.write.1u.tlog
